0 verbose cli /home/noaxp/.nvm/versions/node/v16.15.1/bin/node /home/noaxp/.nvm/versions/node/v16.15.1/bin/npm
1 info using npm@8.12.2
2 info using node@v16.15.1
3 timing npm:load:whichnode Completed in 0ms
4 timing config:load:defaults Completed in 1ms
5 timing config:load:file:/home/noaxp/.nvm/versions/node/v16.15.1/lib/node_modules/npm/npmrc Completed in 1ms
6 timing config:load:builtin Completed in 1ms
7 timing config:load:cli Completed in 1ms
8 timing config:load:env Completed in 0ms
9 timing config:load:project Completed in 2ms
10 timing config:load:file:/home/noaxp/.npmrc Completed in 0ms
11 timing config:load:user Completed in 0ms
12 timing config:load:file:/home/noaxp/.nvm/versions/node/v16.15.1/etc/npmrc Completed in 1ms
13 timing config:load:global Completed in 1ms
14 timing config:load:validate Completed in 0ms
15 timing config:load:credentials Completed in 0ms
16 timing config:load:setEnvs Completed in 0ms
17 timing config:load Completed in 8ms
18 timing npm:load:configload Completed in 8ms
19 timing npm:load:mkdirpcache Completed in 2ms
20 timing npm:load:mkdirplogs Completed in 2ms
21 verbose title npm install
22 verbose argv "install" "--list"
23 timing npm:load:setTitle Completed in 1ms
24 timing config:load:flatten Completed in 2ms
25 timing npm:load:display Completed in 3ms
26 verbose logfile logs-max:10 dir:/home/noaxp/.npm/_logs
27 verbose logfile /home/noaxp/.npm/_logs/2022-09-15T23_55_06_973Z-debug-0.log
28 timing npm:load:logFile Completed in 4ms
29 timing npm:load:timers Completed in 0ms
30 timing npm:load:configScope Completed in 0ms
31 timing npm:load Completed in 20ms
32 timing arborist:ctor Completed in 1ms
33 silly logfile start cleaning logs, removing 2 files
34 silly logfile done cleaning log files
35 timing idealTree:init Completed in 125ms
36 timing idealTree:userRequests Completed in 0ms
37 silly idealTree buildDeps
38 timing idealTree:#root Completed in 0ms
39 timing idealTree:buildDeps Completed in 1ms
40 timing idealTree:fixDepFlags Completed in 0ms
41 timing idealTree Completed in 131ms
42 timing arborist:ctor Completed in 1ms
43 timing reify:loadTrees Completed in 206ms
44 timing reify:diffTrees Completed in 72ms
45 silly reify moves {}
46 timing reify:retireShallow Completed in 1ms
47 timing reify:createSparse Completed in 0ms
48 timing reify:loadBundles Completed in 0ms
49 silly audit bulk request {
49 silly audit   '@types/debug': [ '4.1.7' ],
49 silly audit   '@types/mdast': [ '3.0.10' ],
49 silly audit   '@types/ms': [ '0.7.31' ],
49 silly audit   '@types/unist': [ '2.0.6' ],
49 silly audit   bail: [ '2.0.2' ],
49 silly audit   'character-entities': [ '2.0.1' ],
49 silly audit   debug: [ '4.3.4' ],
49 silly audit   'decode-named-character-reference': [ '1.0.2' ],
49 silly audit   dequal: [ '2.0.2' ],
49 silly audit   devicon: [ '2.15.1' ],
49 silly audit   diff: [ '5.1.0', '5.0.0' ],
49 silly audit   extend: [ '3.0.2' ],
49 silly audit   'is-buffer': [ '2.0.5' ],
49 silly audit   'is-plain-obj': [ '4.0.0' ],
49 silly audit   kleur: [ '4.1.4' ],
49 silly audit   'longest-streak': [ '3.0.1' ],
49 silly audit   'mdast-util-from-markdown': [ '1.2.0' ],
49 silly audit   'mdast-util-to-markdown': [ '1.3.0' ],
49 silly audit   'mdast-util-to-string': [ '3.1.0' ],
49 silly audit   micromark: [ '3.0.10' ],
49 silly audit   'micromark-core-commonmark': [ '1.0.6' ],
49 silly audit   'micromark-factory-destination': [ '1.0.0' ],
49 silly audit   'micromark-factory-label': [ '1.0.2' ],
49 silly audit   'micromark-factory-space': [ '1.0.0' ],
49 silly audit   'micromark-factory-title': [ '1.0.2' ],
49 silly audit   'micromark-factory-whitespace': [ '1.0.0' ],
49 silly audit   'micromark-util-character': [ '1.1.0' ],
49 silly audit   'micromark-util-chunked': [ '1.0.0' ],
49 silly audit   'micromark-util-classify-character': [ '1.0.0' ],
49 silly audit   'micromark-util-combine-extensions': [ '1.0.0' ],
49 silly audit   'micromark-util-decode-numeric-character-reference': [ '1.0.0' ],
49 silly audit   'micromark-util-decode-string': [ '1.0.2' ],
49 silly audit   'micromark-util-encode': [ '1.0.1' ],
49 silly audit   'micromark-util-html-tag-name': [ '1.1.0' ],
49 silly audit   'micromark-util-normalize-identifier': [ '1.0.0' ],
49 silly audit   'micromark-util-resolve-all': [ '1.0.0' ],
49 silly audit   'micromark-util-sanitize-uri': [ '1.0.0' ],
49 silly audit   'micromark-util-subtokenize': [ '1.0.2' ],
49 silly audit   'micromark-util-symbol': [ '1.0.1' ],
49 silly audit   'micromark-util-types': [ '1.0.2' ],
49 silly audit   mri: [ '1.2.0' ],
49 silly audit   ms: [ '2.1.2', '2.1.3' ],
49 silly audit   node: [ '17.7.2' ],
49 silly audit   'node-bin-setup': [ '1.1.0' ],
49 silly audit   npm: [ '8.12.1' ],
49 silly audit   'brace-expansion': [ '2.0.1', '1.1.11' ],
49 silly audit   glob: [ '8.0.3', '7.2.3' ],
49 silly audit   'lru-cache': [ '7.9.0', '6.0.0' ],
49 silly audit   minimatch: [ '5.1.0', '3.1.2' ],
49 silly audit   remark: [ '14.0.2' ],
49 silly audit   'remark-parse': [ '10.0.1' ],
49 silly audit   'remark-stringify': [ '10.0.2' ],
49 silly audit   sade: [ '1.8.1' ],
49 silly audit   trough: [ '2.1.0' ],
49 silly audit   unified: [ '10.1.2' ],
49 silly audit   'unist-util-is': [ '5.1.1' ],
49 silly audit   'unist-util-stringify-position': [ '3.0.2' ],
49 silly audit   'unist-util-visit': [ '4.1.0' ],
49 silly audit   'unist-util-visit-parents': [ '5.1.0' ],
49 silly audit   uvu: [ '0.5.3' ],
49 silly audit   vfile: [ '5.3.3' ],
49 silly audit   'vfile-message': [ '3.1.2' ],
49 silly audit   zwitch: [ '2.0.2' ],
49 silly audit   '@colors/colors': [ '1.5.0' ],
49 silly audit   '@gar/promisify': [ '1.1.3' ],
49 silly audit   '@isaacs/string-locale-compare': [ '1.1.0' ],
49 silly audit   '@npmcli/arborist': [ '5.2.1' ],
49 silly audit   '@npmcli/ci-detect': [ '2.0.0' ],
49 silly audit   '@npmcli/config': [ '4.1.0' ],
49 silly audit   '@npmcli/disparity-colors': [ '2.0.0' ],
49 silly audit   '@npmcli/fs': [ '2.1.0' ],
49 silly audit   '@npmcli/git': [ '3.0.1' ],
49 silly audit   '@npmcli/installed-package-contents': [ '1.0.7' ],
49 silly audit   '@npmcli/map-workspaces': [ '2.0.3' ],
49 silly audit   '@npmcli/metavuln-calculator': [ '3.1.0' ],
49 silly audit   '@npmcli/move-file': [ '2.0.0' ],
49 silly audit   '@npmcli/name-from-folder': [ '1.0.1' ],
49 silly audit   '@npmcli/node-gyp': [ '2.0.0' ],
49 silly audit   '@npmcli/package-json': [ '2.0.0' ],
49 silly audit   '@npmcli/promise-spawn': [ '3.0.0' ],
49 silly audit   '@npmcli/run-script': [ '3.0.2' ],
49 silly audit   '@tootallnate/once': [ '2.0.0' ],
49 silly audit   abbrev: [ '1.1.1' ],
49 silly audit   'agent-base': [ '6.0.2' ],
49 silly audit   agentkeepalive: [ '4.2.1' ],
49 silly audit   'aggregate-error': [ '3.1.0' ],
49 silly audit   'ansi-regex': [ '5.0.1' ],
49 silly audit   'ansi-styles': [ '4.3.0' ],
49 silly audit   aproba: [ '2.0.0' ],
49 silly audit   archy: [ '1.0.0' ],
49 silly audit   'are-we-there-yet': [ '3.0.0' ],
49 silly audit   asap: [ '2.0.6' ],
49 silly audit   'balanced-match': [ '1.0.2' ],
49 silly audit   'bin-links': [ '3.0.1' ],
49 silly audit   'binary-extensions': [ '2.2.0' ],
49 silly audit   builtins: [ '5.0.1' ],
49 silly audit   cacache: [ '16.1.0' ],
49 silly audit   chalk: [ '4.1.2' ],
49 silly audit   chownr: [ '2.0.0' ],
49 silly audit   'cidr-regex': [ '3.1.1' ],
49 silly audit   'clean-stack': [ '2.2.0' ],
49 silly audit   'cli-columns': [ '4.0.0' ],
49 silly audit   'cli-table3': [ '0.6.2' ],
49 silly audit   clone: [ '1.0.4' ],
49 silly audit   'cmd-shim': [ '5.0.0' ],
49 silly audit   'color-convert': [ '2.0.1' ],
49 silly audit   'color-name': [ '1.1.4' ],
49 silly audit   'color-support': [ '1.1.3' ],
49 silly audit   columnify: [ '1.6.0' ],
49 silly audit   'common-ancestor-path': [ '1.0.1' ],
49 silly audit   'concat-map': [ '0.0.1' ],
49 silly audit   'console-control-strings': [ '1.1.0' ],
49 silly audit   debuglog: [ '1.0.1' ],
49 silly audit   defaults: [ '1.0.3' ],
49 silly audit   delegates: [ '1.0.0' ],
49 silly audit   depd: [ '1.1.2' ],
49 silly audit   dezalgo: [ '1.0.4' ],
49 silly audit   'emoji-regex': [ '8.0.0' ],
49 silly audit   encoding: [ '0.1.13' ],
49 silly audit   'env-paths': [ '2.2.1' ],
49 silly audit   'err-code': [ '2.0.3' ],
49 silly audit   'fastest-levenshtein': [ '1.0.12' ],
49 silly audit   'fs-minipass': [ '2.1.0' ],
49 silly audit   'fs.realpath': [ '1.0.0' ],
49 silly audit   'function-bind': [ '1.1.1' ],
49 silly audit   gauge: [ '4.0.4' ],
49 silly audit   'graceful-fs': [ '4.2.10' ],
49 silly audit   has: [ '1.0.3' ],
49 silly audit   'has-flag': [ '4.0.0' ],
49 silly audit   'has-unicode': [ '2.0.1' ],
49 silly audit   'hosted-git-info': [ '5.0.0' ],
49 silly audit   'http-cache-semantics': [ '4.1.0' ],
49 silly audit   'http-proxy-agent': [ '5.0.0' ],
49 silly audit   'https-proxy-agent': [ '5.0.1' ],
49 silly audit   'humanize-ms': [ '1.2.1' ],
49 silly audit   'iconv-lite': [ '0.6.3' ],
49 silly audit   'ignore-walk': [ '5.0.1' ],
49 silly audit   imurmurhash: [ '0.1.4' ],
49 silly audit   'indent-string': [ '4.0.0' ],
49 silly audit   'infer-owner': [ '1.0.4' ],
49 silly audit   inflight: [ '1.0.6' ],
49 silly audit   inherits: [ '2.0.4' ],
49 silly audit   ini: [ '3.0.0' ],
49 silly audit   'init-package-json': [ '3.0.2' ],
49 silly audit   ip: [ '1.1.8' ],
49 silly audit   'ip-regex': [ '4.3.0' ],
49 silly audit   'is-cidr': [ '4.0.2' ],
49 silly audit   'is-core-module': [ '2.9.0' ],
49 silly audit   'is-fullwidth-code-point': [ '3.0.0' ],
49 silly audit   'is-lambda': [ '1.0.1' ],
49 silly audit   isexe: [ '2.0.0' ],
49 silly audit   'json-parse-even-better-errors': [ '2.3.1' ],
49 silly audit   'json-stringify-nice': [ '1.1.4' ],
49 silly audit   jsonparse: [ '1.3.1' ],
49 silly audit   'just-diff': [ '5.0.2' ],
49 silly audit   'just-diff-apply': [ '5.2.0' ],
49 silly audit   libnpmaccess: [ '6.0.3' ],
49 silly audit   libnpmdiff: [ '4.0.3' ],
49 silly audit   libnpmexec: [ '4.0.6' ],
49 silly audit   libnpmfund: [ '3.0.2' ],
49 silly audit   libnpmhook: [ '8.0.3' ],
49 silly audit   libnpmorg: [ '4.0.3' ],
49 silly audit   libnpmpack: [ '4.1.0' ],
49 silly audit   libnpmpublish: [ '6.0.4' ],
49 silly audit   libnpmsearch: [ '5.0.3' ],
49 silly audit   libnpmteam: [ '4.0.3' ],
49 silly audit   libnpmversion: [ '3.0.4' ],
49 silly audit   'make-fetch-happen': [ '10.1.6' ],
49 silly audit   minipass: [ '3.1.6' ],
49 silly audit   'minipass-collect': [ '1.0.2' ],
49 silly audit   'minipass-fetch': [ '2.1.0' ],
49 silly audit   'minipass-flush': [ '1.0.5' ],
49 silly audit   'minipass-json-stream': [ '1.0.1' ],
49 silly audit   'minipass-pipeline': [ '1.2.4' ],
49 silly audit   'minipass-sized': [ '1.0.3' ],
49 silly audit   minizlib: [ '2.1.2' ],
49 silly audit   mkdirp: [ '1.0.4' ],
49 silly audit   'mkdirp-infer-owner': [ '2.0.0' ],
49 silly audit   'mute-stream': [ '0.0.8' ],
49 silly audit   negotiator: [ '0.6.3' ],
49 silly audit   'node-gyp': [ '9.0.0' ],
49 silly audit   nopt: [ '5.0.0' ],
49 silly audit   'normalize-package-data': [ '4.0.0' ],
49 silly audit   'npm-audit-report': [ '3.0.0' ],
49 silly audit   'npm-bundled': [ '1.1.2' ],
49 silly audit   'npm-install-checks': [ '5.0.0' ],
49 silly audit   'npm-normalize-package-bin': [ '1.0.1' ],
49 silly audit   'npm-package-arg': [ '9.0.2' ],
49 silly audit   'npm-packlist': [ '5.1.0' ],
49 silly audit   'npm-pick-manifest': [ '7.0.1' ],
49 silly audit   'npm-profile': [ '6.0.3' ],
49 silly audit   'npm-registry-fetch': [ '13.1.1' ],
49 silly audit   'npm-user-validate': [ '1.0.1' ],
49 silly audit   npmlog: [ '6.0.2' ],
49 silly audit   once: [ '1.4.0' ],
49 silly audit   opener: [ '1.5.2' ],
49 silly audit   'p-map': [ '4.0.0' ],
49 silly audit   pacote: [ '13.6.0' ],
49 silly audit   'parse-conflict-json': [ '2.0.2' ],
49 silly audit   'path-is-absolute': [ '1.0.1' ],
49 silly audit   'proc-log': [ '2.0.1' ],
49 silly audit   'promise-all-reject-late': [ '1.0.1' ],
49 silly audit   'promise-call-limit': [ '1.0.1' ],
49 silly audit   'promise-inflight': [ '1.0.1' ],
49 silly audit   'promise-retry': [ '2.0.1' ],
49 silly audit   promzard: [ '0.3.0' ],
49 silly audit   'qrcode-terminal': [ '0.12.0' ],
49 silly audit   read: [ '1.0.7' ],
49 silly audit   'read-cmd-shim': [ '3.0.0' ],
49 silly audit   'read-package-json': [ '5.0.1' ],
49 silly audit   'read-package-json-fast': [ '2.0.3' ],
49 silly audit   'readable-stream': [ '3.6.0' ],
49 silly audit   'readdir-scoped-modules': [ '1.1.0' ],
49 silly audit   retry: [ '0.12.0' ],
49 silly audit   rimraf: [ '3.0.2' ],
49 silly audit   'safe-buffer': [ '5.2.1' ],
49 silly audit   'safer-buffer': [ '2.1.2' ],
49 silly audit   semver: [ '7.3.7' ],
49 silly audit   'set-blocking': [ '2.0.0' ],
49 silly audit   'signal-exit': [ '3.0.7' ],
49 silly audit   'smart-buffer': [ '4.2.0' ],
49 silly audit   socks: [ '2.6.2' ],
49 silly audit   'socks-proxy-agent': [ '6.2.0' ],
49 silly audit   'spdx-correct': [ '3.1.1' ],
49 silly audit   'spdx-exceptions': [ '2.3.0' ],
49 silly audit   'spdx-expression-parse': [ '3.0.1' ],
49 silly audit   'spdx-license-ids': [ '3.0.11' ],
49 silly audit   ssri: [ '9.0.1' ],
49 silly audit   string_decoder: [ '1.3.0' ],
49 silly audit   'string-width': [ '4.2.3' ],
49 silly audit   'strip-ansi': [ '6.0.1' ],
49 silly audit   'supports-color': [ '7.2.0' ],
49 silly audit   tar: [ '6.1.11' ],
49 silly audit   'text-table': [ '0.2.0' ],
49 silly audit   'tiny-relative-date': [ '1.3.0' ],
49 silly audit   treeverse: [ '2.0.0' ],
49 silly audit   'unique-filename': [ '1.1.1' ],
49 silly audit   'unique-slug': [ '2.0.2' ],
49 silly audit   'util-deprecate': [ '1.0.2' ],
49 silly audit   'validate-npm-package-license': [ '3.0.4' ],
49 silly audit   'validate-npm-package-name': [ '4.0.0' ],
49 silly audit   'walk-up-path': [ '1.0.0' ],
49 silly audit   wcwidth: [ '1.0.1' ],
49 silly audit   which: [ '2.0.2' ],
49 silly audit   'wide-align': [ '1.1.5' ],
49 silly audit   wrappy: [ '1.0.2' ],
49 silly audit   'write-file-atomic': [ '4.0.1' ],
49 silly audit   yallist: [ '4.0.0' ]
49 silly audit }
50 timing reify:unpack Completed in 2ms
51 timing reify:unretire Completed in 0ms
52 timing build:queue Completed in 0ms
53 timing build:deps Completed in 0ms
54 timing build Completed in 0ms
55 timing reify:build Completed in 1ms
56 timing reify:trash Completed in 0ms
57 timing reify:save Completed in 44ms
58 http fetch POST 200 https://registry.npmjs.org/-/npm/v1/security/advisories/bulk 484ms
59 timing auditReport:getReport Completed in 489ms
60 silly audit report {}
61 timing auditReport:init Completed in 0ms
62 timing reify:audit Completed in 490ms
63 timing reify Completed in 778ms
64 timing command:install Completed in 794ms
65 verbose exit 0
66 timing npm Completed in 881ms
67 info ok
