0 verbose cli /home/noaxp/.nvm/versions/node/v16.15.1/bin/node /home/noaxp/.nvm/versions/node/v16.15.1/bin/npm
1 info using npm@8.12.2
2 info using node@v16.15.1
3 timing npm:load:whichnode Completed in 0ms
4 timing config:load:defaults Completed in 2ms
5 timing config:load:file:/home/noaxp/.nvm/versions/node/v16.15.1/lib/node_modules/npm/npmrc Completed in 0ms
6 timing config:load:builtin Completed in 0ms
7 timing config:load:cli Completed in 2ms
8 timing config:load:env Completed in 0ms
9 timing config:load:project Completed in 2ms
10 timing config:load:file:/home/noaxp/.npmrc Completed in 0ms
11 timing config:load:user Completed in 0ms
12 timing config:load:file:/home/noaxp/.nvm/versions/node/v16.15.1/etc/npmrc Completed in 0ms
13 timing config:load:global Completed in 1ms
14 timing config:load:validate Completed in 0ms
15 timing config:load:credentials Completed in 1ms
16 timing config:load:setEnvs Completed in 1ms
17 timing config:load Completed in 9ms
18 timing npm:load:configload Completed in 9ms
19 timing npm:load:mkdirpcache Completed in 1ms
20 timing npm:load:mkdirplogs Completed in 3ms
21 verbose title npm list
22 verbose argv "list" "--global" "--depth" "0"
23 timing npm:load:setTitle Completed in 1ms
24 timing config:load:flatten Completed in 2ms
25 timing npm:load:display Completed in 3ms
26 verbose logfile logs-max:10 dir:/home/noaxp/.npm/_logs
27 verbose logfile /home/noaxp/.npm/_logs/2022-09-15T23_56_03_630Z-debug-0.log
28 timing npm:load:logFile Completed in 4ms
29 timing npm:load:timers Completed in 0ms
30 timing npm:load:configScope Completed in 0ms
31 timing npm:load Completed in 22ms
32 timing arborist:ctor Completed in 0ms
33 silly logfile start cleaning logs, removing 1 files
34 silly logfile done cleaning log files
35 timing command:list Completed in 159ms
36 verbose exit 0
37 timing npm Completed in 245ms
38 info ok
