0 verbose cli /home/noaxp/.nvm/versions/node/v16.15.1/bin/node /home/noaxp/.nvm/versions/node/v16.15.1/bin/npm
1 info using npm@8.12.2
2 info using node@v16.15.1
3 timing npm:load:whichnode Completed in 1ms
4 timing config:load:defaults Completed in 1ms
5 timing config:load:file:/home/noaxp/.nvm/versions/node/v16.15.1/lib/node_modules/npm/npmrc Completed in 0ms
6 timing config:load:builtin Completed in 1ms
7 timing config:load:cli Completed in 1ms
8 timing config:load:env Completed in 0ms
9 timing config:load:file:/home/noaxp/.local/share/nvim/lsp_servers/yamlls.tmp/.npmrc Completed in 1ms
10 timing config:load:project Completed in 10ms
11 timing config:load:file:/home/noaxp/.npmrc Completed in 0ms
12 timing config:load:user Completed in 0ms
13 timing config:load:file:/home/noaxp/.nvm/versions/node/v16.15.1/etc/npmrc Completed in 0ms
14 timing config:load:global Completed in 0ms
15 timing config:load:validate Completed in 0ms
16 timing config:load:credentials Completed in 0ms
17 timing config:load:setEnvs Completed in 1ms
18 timing config:load Completed in 18ms
19 timing npm:load:configload Completed in 19ms
20 timing npm:load:mkdirpcache Completed in 1ms
21 timing npm:load:mkdirplogs Completed in 0ms
22 verbose title npm install yaml-language-server
23 verbose argv "install" "yaml-language-server"
24 timing npm:load:setTitle Completed in 1ms
25 timing config:load:flatten Completed in 3ms
26 timing npm:load:display Completed in 4ms
27 verbose logfile logs-max:10 dir:/home/noaxp/.npm/_logs
28 verbose logfile /home/noaxp/.npm/_logs/2022-09-13T15_45_47_776Z-debug-0.log
29 timing npm:load:logFile Completed in 5ms
30 timing npm:load:timers Completed in 0ms
31 timing npm:load:configScope Completed in 0ms
32 timing npm:load Completed in 31ms
33 timing arborist:ctor Completed in 1ms
34 silly logfile start cleaning logs, removing 1 files
35 silly logfile done cleaning log files
36 timing arborist:ctor Completed in 1ms
37 timing idealTree:init Completed in 11ms
38 timing idealTree:userRequests Completed in 2ms
39 silly idealTree buildDeps
40 silly fetch manifest yaml-language-server@*
41 http fetch GET 200 https://registry.npmjs.org/yaml-language-server 18ms (cache hit)
42 silly placeDep ROOT yaml-language-server@1.10.0 OK for: @lsp-installer/yamlls.tmp@1.0.0 want: *
43 silly fetch manifest ajv@^8.11.0
44 silly fetch manifest request-light@^0.5.7
45 silly fetch manifest vscode-json-languageservice@4.1.8
46 silly fetch manifest vscode-languageserver@^7.0.0
47 silly fetch manifest vscode-languageserver-textdocument@^1.0.1
48 silly fetch manifest vscode-languageserver-types@^3.16.0
49 silly fetch manifest vscode-nls@^5.0.0
50 silly fetch manifest vscode-uri@^3.0.2
51 silly fetch manifest yaml@2.0.0-11
52 silly fetch manifest prettier@2.0.5
53 http fetch GET 200 https://registry.npmjs.org/vscode-languageserver 46ms (cache hit)
54 http fetch GET 200 https://registry.npmjs.org/request-light 53ms (cache hit)
55 http fetch GET 200 https://registry.npmjs.org/vscode-languageserver-types 52ms (cache hit)
56 http fetch GET 200 https://registry.npmjs.org/vscode-uri 53ms (cache hit)
57 http fetch GET 200 https://registry.npmjs.org/vscode-json-languageservice 56ms (cache hit)
58 http fetch GET 200 https://registry.npmjs.org/vscode-languageserver-textdocument 57ms (cache hit)
59 http fetch GET 200 https://registry.npmjs.org/vscode-nls 58ms (cache hit)
60 http fetch GET 200 https://registry.npmjs.org/prettier 283ms (cache updated)
61 http fetch GET 200 https://registry.npmjs.org/yaml 294ms (cache updated)
62 http fetch GET 200 https://registry.npmjs.org/ajv 344ms (cache miss)
63 timing idealTree:#root Completed in 384ms
64 silly placeDep node_modules/yaml-language-server ajv@8.11.0 OK for: yaml-language-server@1.10.0 want: ^8.11.0
65 silly placeDep node_modules/yaml-language-server prettier@2.0.5 OK for: yaml-language-server@1.10.0 want: 2.0.5
66 silly placeDep node_modules/yaml-language-server request-light@0.5.8 OK for: yaml-language-server@1.10.0 want: ^0.5.7
67 silly placeDep node_modules/yaml-language-server vscode-json-languageservice@4.1.8 OK for: yaml-language-server@1.10.0 want: 4.1.8
68 silly placeDep node_modules/yaml-language-server vscode-languageserver@7.0.0 OK for: yaml-language-server@1.10.0 want: ^7.0.0
69 silly placeDep node_modules/yaml-language-server vscode-languageserver-textdocument@1.0.7 OK for: yaml-language-server@1.10.0 want: ^1.0.1
70 silly placeDep node_modules/yaml-language-server vscode-languageserver-types@3.17.2 OK for: yaml-language-server@1.10.0 want: ^3.16.0
71 silly placeDep node_modules/yaml-language-server vscode-nls@5.2.0 OK for: yaml-language-server@1.10.0 want: ^5.0.0
72 silly placeDep node_modules/yaml-language-server vscode-uri@3.0.3 OK for: yaml-language-server@1.10.0 want: ^3.0.2
73 silly placeDep node_modules/yaml-language-server yaml@2.0.0-11 OK for: yaml-language-server@1.10.0 want: 2.0.0-11
74 silly fetch manifest fast-deep-equal@^3.1.1
75 silly fetch manifest json-schema-traverse@^1.0.0
76 silly fetch manifest require-from-string@^2.0.2
77 silly fetch manifest uri-js@^4.2.2
78 silly fetch manifest jsonc-parser@^3.0.0
79 silly fetch manifest vscode-languageserver-protocol@3.16.0
80 http fetch GET 200 https://registry.npmjs.org/vscode-languageserver-protocol 15ms (cache hit)
81 http fetch GET 200 https://registry.npmjs.org/jsonc-parser 18ms (cache hit)
82 http fetch GET 200 https://registry.npmjs.org/fast-deep-equal 43ms (cache miss)
83 http fetch GET 200 https://registry.npmjs.org/json-schema-traverse 58ms (cache miss)
84 http fetch GET 200 https://registry.npmjs.org/require-from-string 69ms (cache miss)
85 http fetch GET 200 https://registry.npmjs.org/uri-js 81ms (cache miss)
86 timing idealTree:node_modules/yaml-language-server Completed in 111ms
87 silly placeDep node_modules/yaml-language-server fast-deep-equal@3.1.3 OK for: ajv@8.11.0 want: ^3.1.1
88 silly placeDep node_modules/yaml-language-server json-schema-traverse@1.0.0 OK for: ajv@8.11.0 want: ^1.0.0
89 silly placeDep node_modules/yaml-language-server require-from-string@2.0.2 OK for: ajv@8.11.0 want: ^2.0.2
90 silly placeDep node_modules/yaml-language-server uri-js@4.4.1 OK for: ajv@8.11.0 want: ^4.2.2
91 silly fetch manifest punycode@^2.1.0
92 http fetch GET 200 https://registry.npmjs.org/punycode 41ms (cache miss)
93 timing idealTree:node_modules/yaml-language-server/node_modules/ajv Completed in 55ms
94 timing idealTree:node_modules/yaml-language-server/node_modules/fast-deep-equal Completed in 0ms
95 timing idealTree:node_modules/yaml-language-server/node_modules/json-schema-traverse Completed in 0ms
96 timing idealTree:node_modules/yaml-language-server/node_modules/prettier Completed in 1ms
97 timing idealTree:node_modules/yaml-language-server/node_modules/request-light Completed in 0ms
98 timing idealTree:node_modules/yaml-language-server/node_modules/require-from-string Completed in 0ms
99 silly placeDep node_modules/yaml-language-server punycode@2.1.1 OK for: uri-js@4.4.1 want: ^2.1.0
100 timing idealTree:node_modules/yaml-language-server/node_modules/uri-js Completed in 1ms
101 timing idealTree:node_modules/yaml-language-server/node_modules/punycode Completed in 0ms
102 silly placeDep node_modules/yaml-language-server jsonc-parser@3.2.0 OK for: vscode-json-languageservice@4.1.8 want: ^3.0.0
103 timing idealTree:node_modules/yaml-language-server/node_modules/vscode-json-languageservice Completed in 2ms
104 timing idealTree:node_modules/yaml-language-server/node_modules/jsonc-parser Completed in 0ms
105 silly placeDep node_modules/yaml-language-server vscode-languageserver-protocol@3.16.0 OK for: vscode-languageserver@7.0.0 want: 3.16.0
106 silly fetch manifest vscode-jsonrpc@6.0.0
107 silly fetch manifest vscode-languageserver-types@3.16.0
108 http fetch GET 200 https://registry.npmjs.org/vscode-jsonrpc 6ms (cache hit)
109 timing idealTree:node_modules/yaml-language-server/node_modules/vscode-languageserver Completed in 10ms
110 silly placeDep node_modules/yaml-language-server vscode-jsonrpc@6.0.0 OK for: vscode-languageserver-protocol@3.16.0 want: 6.0.0
111 silly placeDep node_modules/yaml-language-server/node_modules/vscode-languageserver-protocol vscode-languageserver-types@3.16.0 OK for: vscode-languageserver-protocol@3.16.0 want: 3.16.0
112 timing idealTree:node_modules/yaml-language-server/node_modules/vscode-languageserver-protocol Completed in 4ms
113 timing idealTree:node_modules/yaml-language-server/node_modules/vscode-jsonrpc Completed in 0ms
114 timing idealTree:node_modules/yaml-language-server/node_modules/vscode-languageserver-textdocument Completed in 0ms
115 timing idealTree:node_modules/yaml-language-server/node_modules/vscode-languageserver-types Completed in 0ms
116 timing idealTree:node_modules/yaml-language-server/node_modules/vscode-nls Completed in 0ms
117 timing idealTree:node_modules/yaml-language-server/node_modules/vscode-uri Completed in 0ms
118 timing idealTree:node_modules/yaml-language-server/node_modules/yaml Completed in 0ms
119 timing idealTree:node_modules/yaml-language-server/node_modules/vscode-languageserver-protocol/node_modules/vscode-languageserver-types Completed in 0ms
120 timing idealTree:buildDeps Completed in 571ms
121 timing idealTree:fixDepFlags Completed in 1ms
122 timing idealTree Completed in 588ms
123 timing reify:loadTrees Completed in 588ms
124 timing reify:diffTrees Completed in 2ms
125 silly reify moves {}
126 timing reify:retireShallow Completed in 1ms
127 timing reify:createSparse Completed in 5ms
128 timing reify:loadBundles Completed in 0ms
129 silly audit bulk request {
129 silly audit   'yaml-language-server': [ '1.10.0' ],
129 silly audit   ajv: [ '8.11.0' ],
129 silly audit   prettier: [ '2.0.5' ],
129 silly audit   'request-light': [ '0.5.8' ],
129 silly audit   'vscode-json-languageservice': [ '4.1.8' ],
129 silly audit   'vscode-languageserver': [ '7.0.0' ],
129 silly audit   'vscode-languageserver-textdocument': [ '1.0.7' ],
129 silly audit   'vscode-languageserver-types': [ '3.17.2', '3.16.0' ],
129 silly audit   'vscode-nls': [ '5.2.0' ],
129 silly audit   'vscode-uri': [ '3.0.3' ],
129 silly audit   yaml: [ '2.0.0-11' ],
129 silly audit   'fast-deep-equal': [ '3.1.3' ],
129 silly audit   'json-schema-traverse': [ '1.0.0' ],
129 silly audit   'require-from-string': [ '2.0.2' ],
129 silly audit   'uri-js': [ '4.4.1' ],
129 silly audit   punycode: [ '2.1.1' ],
129 silly audit   'jsonc-parser': [ '3.2.0' ],
129 silly audit   'vscode-languageserver-protocol': [ '3.16.0' ],
129 silly audit   'vscode-jsonrpc': [ '6.0.0' ]
129 silly audit }
130 silly tarball no local data for yaml-language-server@https://registry.npmjs.org/yaml-language-server/-/yaml-language-server-1.10.0.tgz. Extracting by manifest.
131 silly tarball no local data for punycode@https://registry.npmjs.org/punycode/-/punycode-2.1.1.tgz. Extracting by manifest.
132 silly tarball no local data for uri-js@https://registry.npmjs.org/uri-js/-/uri-js-4.4.1.tgz. Extracting by manifest.
133 silly tarball no local data for require-from-string@https://registry.npmjs.org/require-from-string/-/require-from-string-2.0.2.tgz. Extracting by manifest.
134 silly tarball no local data for fast-deep-equal@https://registry.npmjs.org/fast-deep-equal/-/fast-deep-equal-3.1.3.tgz. Extracting by manifest.
135 silly tarball no local data for json-schema-traverse@https://registry.npmjs.org/json-schema-traverse/-/json-schema-traverse-1.0.0.tgz. Extracting by manifest.
136 silly tarball no local data for ajv@https://registry.npmjs.org/ajv/-/ajv-8.11.0.tgz. Extracting by manifest.
137 timing reifyNode:node_modules/yaml-language-server/node_modules/request-light Completed in 163ms
138 timing reifyNode:node_modules/yaml-language-server/node_modules/vscode-languageserver-textdocument Completed in 164ms
139 http fetch GET 200 https://registry.npmjs.org/punycode/-/punycode-2.1.1.tgz 145ms (cache miss)
140 timing reifyNode:node_modules/yaml-language-server/node_modules/punycode Completed in 166ms
141 timing reifyNode:node_modules/yaml-language-server/node_modules/vscode-languageserver-protocol/node_modules/vscode-languageserver-types Completed in 195ms
142 timing reifyNode:node_modules/yaml-language-server/node_modules/vscode-uri Completed in 195ms
143 timing reifyNode:node_modules/yaml-language-server/node_modules/vscode-languageserver-types Completed in 199ms
144 timing reifyNode:node_modules/yaml-language-server/node_modules/jsonc-parser Completed in 218ms
145 timing reifyNode:node_modules/yaml-language-server/node_modules/vscode-nls Completed in 219ms
146 timing reifyNode:node_modules/yaml-language-server/node_modules/vscode-jsonrpc Completed in 227ms
147 timing reifyNode:node_modules/yaml-language-server/node_modules/vscode-languageserver Completed in 233ms
148 timing reifyNode:node_modules/yaml-language-server/node_modules/vscode-languageserver-protocol Completed in 249ms
149 http fetch GET 200 https://registry.npmjs.org/uri-js/-/uri-js-4.4.1.tgz 243ms (cache miss)
150 timing reifyNode:node_modules/yaml-language-server/node_modules/uri-js Completed in 268ms
151 http fetch POST 200 https://registry.npmjs.org/-/npm/v1/security/advisories/bulk 280ms
152 timing auditReport:getReport Completed in 284ms
153 silly audit report {}
154 timing auditReport:init Completed in 0ms
155 timing reify:audit Completed in 284ms
156 http fetch GET 200 https://registry.npmjs.org/require-from-string/-/require-from-string-2.0.2.tgz 259ms (cache miss)
157 timing reifyNode:node_modules/yaml-language-server/node_modules/require-from-string Completed in 283ms
158 http fetch GET 200 https://registry.npmjs.org/fast-deep-equal/-/fast-deep-equal-3.1.3.tgz 260ms (cache miss)
159 timing reifyNode:node_modules/yaml-language-server/node_modules/fast-deep-equal Completed in 285ms
160 http fetch GET 200 https://registry.npmjs.org/json-schema-traverse/-/json-schema-traverse-1.0.0.tgz 265ms (cache miss)
161 timing reifyNode:node_modules/yaml-language-server/node_modules/json-schema-traverse Completed in 294ms
162 timing reifyNode:node_modules/yaml-language-server/node_modules/vscode-json-languageservice Completed in 299ms
163 timing reifyNode:node_modules/yaml-language-server/node_modules/yaml Completed in 399ms
164 timing reifyNode:node_modules/yaml-language-server/node_modules/prettier Completed in 497ms
165 http fetch GET 200 https://registry.npmjs.org/ajv/-/ajv-8.11.0.tgz 491ms (cache miss)
166 timing reifyNode:node_modules/yaml-language-server/node_modules/ajv Completed in 521ms
167 http fetch GET 200 https://registry.npmjs.org/yaml-language-server/-/yaml-language-server-1.10.0.tgz 537ms (cache miss)
168 timing reifyNode:node_modules/yaml-language-server Completed in 557ms
169 timing reify:unpack Completed in 557ms
170 timing reify:unretire Completed in 0ms
171 timing build:queue Completed in 2ms
172 timing build:link:node_modules/yaml-language-server Completed in 2ms
173 timing build:link:node_modules/yaml-language-server/node_modules/prettier Completed in 2ms
174 timing build:link:node_modules/yaml-language-server/node_modules/vscode-languageserver Completed in 1ms
175 timing build:link Completed in 2ms
176 timing build:deps Completed in 4ms
177 timing build Completed in 4ms
178 timing reify:build Completed in 4ms
179 timing reify:trash Completed in 1ms
180 timing reify:save Completed in 8ms
181 timing reify Completed in 1184ms
182 silly ADD node_modules/yaml-language-server
183 silly ADD node_modules/yaml-language-server/node_modules/vscode-jsonrpc
184 silly ADD node_modules/yaml-language-server/node_modules/vscode-languageserver-protocol
185 silly ADD node_modules/yaml-language-server/node_modules/vscode-languageserver-protocol/node_modules/vscode-languageserver-types
186 silly ADD node_modules/yaml-language-server/node_modules/jsonc-parser
187 silly ADD node_modules/yaml-language-server/node_modules/punycode
188 silly ADD node_modules/yaml-language-server/node_modules/uri-js
189 silly ADD node_modules/yaml-language-server/node_modules/require-from-string
190 silly ADD node_modules/yaml-language-server/node_modules/json-schema-traverse
191 silly ADD node_modules/yaml-language-server/node_modules/fast-deep-equal
192 silly ADD node_modules/yaml-language-server/node_modules/yaml
193 silly ADD node_modules/yaml-language-server/node_modules/vscode-uri
194 silly ADD node_modules/yaml-language-server/node_modules/vscode-nls
195 silly ADD node_modules/yaml-language-server/node_modules/vscode-languageserver-types
196 silly ADD node_modules/yaml-language-server/node_modules/vscode-languageserver-textdocument
197 silly ADD node_modules/yaml-language-server/node_modules/vscode-languageserver
198 silly ADD node_modules/yaml-language-server/node_modules/vscode-json-languageservice
199 silly ADD node_modules/yaml-language-server/node_modules/request-light
200 silly ADD node_modules/yaml-language-server/node_modules/prettier
201 silly ADD node_modules/yaml-language-server/node_modules/ajv
202 timing command:install Completed in 1190ms
203 verbose exit 0
204 timing npm Completed in 1290ms
205 info ok
